Build started 29/05/2010 17:57:16.
     1>Project "C:\Documents and Settings\Administrator\My Documents\Projects\GDIRotate_src\GDIRotate.vcxproj" on node 2 (build target(s)).
     1>InitializeBuildStatus:
         Creating ".\Debug\GDIRotate.unsuccessfulbuild" because "AlwaysCreate" was specified.
       ClCompile:
         All outputs are up-to-date.
         C:\Program Files\Microsoft Visual Studio 10.0\VC\bin\CL.exe /c /ZI /nologo /W3 /WX- /Od /Oy- /D WIN32 /D _DEBUG /D _WINDOWS /D _VC80_UPGRADE=0x0600 /D _MBCS /Gm /EHsc /RTC1 /MTd /GS /fp:precise /Zc:wchar_t /Zc:forScope /Yu"stdafx.h" /Fp".\Debug/GDIRotate.pch" /Fo".\Debug/" /Fd".\Debug/vc100.pdb" /FR".\Debug\\" /Gd /TP /analyze- /errorReport:prompt GDIRotate.cpp
         GDIRotate.cpp
     1>c:\documents and settings\administrator\my documents\projects\gdirotate_src\gdirotate.cpp(66): warning C4305: 'argument' : truncation from 'double' to 'float'
     1>c:\documents and settings\administrator\my documents\projects\gdirotate_src\gdirotate.cpp(215): warning C4305: 'argument' : truncation from 'double' to 'float'
     1>c:\documents and settings\administrator\my documents\projects\gdirotate_src\gdirotate.cpp(222): warning C4018: '<' : signed/unsigned mismatch
     1>c:\documents and settings\administrator\my documents\projects\gdirotate_src\gdirotate.cpp(224): warning C4018: '<' : signed/unsigned mismatch
     1>c:\documents and settings\administrator\my documents\projects\gdirotate_src\gdirotate.cpp(245): warning C4018: '<' : signed/unsigned mismatch
     1>c:\documents and settings\administrator\my documents\projects\gdirotate_src\gdirotate.cpp(260): warning C4244: 'argument' : conversion from 'float' to 'int', possible loss of data
     1>c:\documents and settings\administrator\my documents\projects\gdirotate_src\gdirotate.cpp(260): warning C4244: 'argument' : conversion from 'float' to 'int', possible loss of data
     1>c:\documents and settings\administrator\my documents\projects\gdirotate_src\gdirotate.cpp(261): warning C4244: 'argument' : conversion from 'float' to 'int', possible loss of data
     1>c:\documents and settings\administrator\my documents\projects\gdirotate_src\gdirotate.cpp(261): warning C4244: 'argument' : conversion from 'float' to 'int', possible loss of data
     1>c:\documents and settings\administrator\my documents\projects\gdirotate_src\gdirotate.cpp(262): warning C4244: 'argument' : conversion from 'float' to 'int', possible loss of data
     1>c:\documents and settings\administrator\my documents\projects\gdirotate_src\gdirotate.cpp(262): warning C4244: 'argument' : conversion from 'float' to 'int', possible loss of data
     1>c:\documents and settings\administrator\my documents\projects\gdirotate_src\gdirotate.cpp(263): warning C4244: 'argument' : conversion from 'float' to 'int', possible loss of data
     1>c:\documents and settings\administrator\my documents\projects\gdirotate_src\gdirotate.cpp(263): warning C4244: 'argument' : conversion from 'float' to 'int', possible loss of data
       ResourceCompile:
         All outputs are up-to-date.
       ManifestResourceCompile:
         All outputs are up-to-date.
       Link:
         C:\Program Files\Microsoft Visual Studio 10.0\VC\bin\link.exe /ERRORREPORT:PROMPT /OUT:".\Debug/GDIRotate.exe" /INCREMENTAL /NOLOGO kernel32.lib user32.lib gdi32.lib winspool.lib comdlg32.lib advapi32.lib shell32.lib ole32.lib oleaut32.lib uuid.lib odbc32.lib odbccp32.lib /MANIFEST /ManifestFile:".\Debug\GDIRotate.exe.intermediate.manifest" /MANIFESTUAC:"level='asInvoker' uiAccess='false'" /DEBUG /PDB:".\Debug/GDIRotate.pdb" /SUBSYSTEM:WINDOWS /TLBID:1 /DYNAMICBASE:NO /IMPLIB:".\Debug\GDIRotate.lib" /MACHINE:X86 .\Debug\GDIRotate.res
         .\Debug\GDIRotate.exe.embed.manifest.res
         .\Debug/Camera.obj
         .\Debug/GDIRotate.obj
         .\Debug/guicon.obj
         .\Debug/MathHelper.obj
         .\Debug/Matrix.obj
         .\Debug/Mesh.obj
         .\Debug/Model.obj
         .\Debug/StdAfx.obj
         .\Debug/Structs.obj
         .\Debug/Vector2.obj
         .\Debug/Vector3.obj
         .\Debug/Vector4.obj
       Manifest:
         C:\Program Files\Microsoft SDKs\Windows\v7.0A\bin\mt.exe /nologo /verbose /out:".\Debug\GDIRotate.exe.embed.manifest" /manifest .\Debug\GDIRotate.exe.intermediate.manifest
         All outputs are up-to-date.
       LinkEmbedManifest:
         All outputs are up-to-date.
         GDIRotate.vcxproj -> C:\Documents and Settings\Administrator\My Documents\Projects\GDIRotate_src\.\Debug\GDIRotate.exe
       BscMake:
         All outputs are up-to-date.
       FinalizeBuildStatus:
         Deleting file ".\Debug\GDIRotate.unsuccessfulbuild".
         Touching ".\Debug\GDIRotate.lastbuildstate".
     1>Done Building Project "C:\Documents and Settings\Administrator\My Documents\Projects\GDIRotate_src\GDIRotate.vcxproj" (build target(s)).

Build succeeded.

Time Elapsed 00:00:03.10
